<?xml version="1.0" encoding="UTF-8"?>
<robot generator="Robot 6.1 (Python 3.11.2 on win32)" generated="20230629 23:38:53.364" rpa="false" schemaversion="4">
<suite id="s1" name="Crm" source="X:\Repo\robotFrameworkLearning\dev\robotScripts\firstProj\Tests\Crm.robot">
<test id="s1-t1" name="Should be able to add new costumer" line="8">
<kw name="Log" library="BuiltIn">
<arg>Starting the test case</arg>
<doc>Logs the given message with the given level.</doc>
<msg timestamp="20230629 23:38:53.477" level="INFO">Starting the test case</msg>
<status status="PASS" starttime="20230629 23:38:53.477" endtime="20230629 23:38:53.477"/>
</kw>
<kw name="Open Browser" library="SeleniumLibrary">
<arg>https://www.automationplayground.com/crm</arg>
<arg>edge</arg>
<doc>Opens a new browser instance to the optional ``url``.</doc>
<msg timestamp="20230629 23:38:53.478" level="INFO">Opening browser 'edge' to base url 'https://www.automationplayground.com/crm'.</msg>
<status status="PASS" starttime="20230629 23:38:53.478" endtime="20230629 23:38:55.848"/>
</kw>
<kw name="Log" library="BuiltIn">
<arg>Maximize the browser window</arg>
<doc>Logs the given message with the given level.</doc>
<msg timestamp="20230629 23:38:55.849" level="INFO">Maximize the browser window</msg>
<status status="PASS" starttime="20230629 23:38:55.849" endtime="20230629 23:38:55.849"/>
</kw>
<kw name="Maximize Browser Window" library="SeleniumLibrary">
<doc>Maximizes current browser window.</doc>
<status status="PASS" starttime="20230629 23:38:55.849" endtime="20230629 23:38:55.963"/>
</kw>
<kw name="Log" library="BuiltIn">
<arg>Waiting for 10 secunds</arg>
<doc>Logs the given message with the given level.</doc>
<msg timestamp="20230629 23:38:55.963" level="INFO">Waiting for 10 secunds</msg>
<status status="PASS" starttime="20230629 23:38:55.963" endtime="20230629 23:38:55.963"/>
</kw>
<kw name="Sleep" library="BuiltIn">
<arg>10s</arg>
<doc>Pauses the test executed for the given time.</doc>
<msg timestamp="20230629 23:39:05.964" level="INFO">Slept 10 seconds</msg>
<status status="PASS" starttime="20230629 23:38:55.963" endtime="20230629 23:39:05.964"/>
</kw>
<kw name="Log" library="BuiltIn">
<arg>Close the browser</arg>
<doc>Logs the given message with the given level.</doc>
<msg timestamp="20230629 23:39:05.964" level="INFO">Close the browser</msg>
<status status="PASS" starttime="20230629 23:39:05.964" endtime="20230629 23:39:05.965"/>
</kw>
<kw name="Close Browser" library="SeleniumLibrary">
<doc>Closes the current browser.</doc>
<status status="PASS" starttime="20230629 23:39:05.965" endtime="20230629 23:39:08.072"/>
</kw>
<doc>Should be able to laungh the browser and open the website</doc>
<tag>1001</tag>
<tag>Home</tag>
<tag>Smoke</tag>
<status status="PASS" starttime="20230629 23:38:53.477" endtime="20230629 23:39:08.072"/>
</test>
<doc>This is a test suite with a single test for valid login.</doc>
<status status="PASS" starttime="20230629 23:38:53.365" endtime="20230629 23:39:08.073"/>
</suite>
<statistics>
<total>
<stat pass="1" fail="0" skip="0">All Tests</stat>
</total>
<tag>
<stat pass="1" fail="0" skip="0">1001</stat>
<stat pass="1" fail="0" skip="0">Home</stat>
<stat pass="1" fail="0" skip="0">Smoke</stat>
</tag>
<suite>
<stat pass="1" fail="0" skip="0" id="s1" name="Crm">Crm</stat>
</suite>
</statistics>
<errors>
</errors>
</robot>
