<?xml version="1.0" encoding="UTF-8"?>
<robot generator="Robot 6.1 (Python 3.11.0 on win32)" generated="20230630 01:32:09.386" rpa="false" schemaversion="4">
<suite id="s1" name="Crm" source="X:\Repo\robotFrameworkLearning\dev\robotScripts\firstProj\Tests\Crm.robot">
<test id="s1-t1" name="Should be able to add new customer" line="40">
<kw name="Log" library="BuiltIn">
<arg>Starting the test case</arg>
<doc>Logs the given message with the given level.</doc>
<msg timestamp="20230630 01:32:09.501" level="INFO">Starting the test case</msg>
<status status="PASS" starttime="20230630 01:32:09.501" endtime="20230630 01:32:09.502"/>
</kw>
<kw name="Set Selenium Timeout" library="SeleniumLibrary">
<arg>3s</arg>
<doc>Sets the timeout that is used by various keywords.</doc>
<status status="PASS" starttime="20230630 01:32:09.502" endtime="20230630 01:32:09.502"/>
</kw>
<kw name="Set Selenium Speed" library="SeleniumLibrary">
<arg>0.2s</arg>
<doc>Sets the delay that is waited after each Selenium command.</doc>
<status status="PASS" starttime="20230630 01:32:09.502" endtime="20230630 01:32:09.502"/>
</kw>
<kw name="Open Browser" library="SeleniumLibrary">
<arg>${page_site}</arg>
<arg>${BROWSER}</arg>
<doc>Opens a new browser instance to the optional ``url``.</doc>
<msg timestamp="20230630 01:32:09.503" level="INFO">Opening browser 'chrome' to base url 'https://www.automationplayground.com/crm'.</msg>
<status status="PASS" starttime="20230630 01:32:09.502" endtime="20230630 01:32:12.340"/>
</kw>
<kw name="Page Should Contain" library="SeleniumLibrary">
<arg>Customers Are Priority One!</arg>
<doc>Verifies that current page contains ``text``.</doc>
<msg timestamp="20230630 01:32:12.751" level="INFO">Current page contains text 'Customers Are Priority One!'.</msg>
<status status="PASS" starttime="20230630 01:32:12.340" endtime="20230630 01:32:12.751"/>
</kw>
<kw name="Log" library="BuiltIn">
<arg>Maximize the browser window</arg>
<doc>Logs the given message with the given level.</doc>
<msg timestamp="20230630 01:32:12.751" level="INFO">Maximize the browser window</msg>
<status status="PASS" starttime="20230630 01:32:12.751" endtime="20230630 01:32:12.751"/>
</kw>
<kw name="Maximize Browser Window" library="SeleniumLibrary">
<doc>Maximizes current browser window.</doc>
<status status="PASS" starttime="20230630 01:32:12.751" endtime="20230630 01:32:13.063"/>
</kw>
<kw name="Log" library="BuiltIn">
<arg>Waiting for 1 secunds</arg>
<doc>Logs the given message with the given level.</doc>
<msg timestamp="20230630 01:32:13.064" level="INFO">Waiting for 1 secunds</msg>
<status status="PASS" starttime="20230630 01:32:13.063" endtime="20230630 01:32:13.064"/>
</kw>
<kw name="Sleep" library="BuiltIn">
<arg>1s</arg>
<doc>Pauses the test executed for the given time.</doc>
<msg timestamp="20230630 01:32:14.065" level="INFO">Slept 1 second</msg>
<status status="PASS" starttime="20230630 01:32:13.064" endtime="20230630 01:32:14.065"/>
</kw>
<kw name="Log" library="BuiltIn">
<arg>Click on the Sign In button</arg>
<doc>Logs the given message with the given level.</doc>
<msg timestamp="20230630 01:32:14.066" level="INFO">Click on the Sign In button</msg>
<status status="PASS" starttime="20230630 01:32:14.065" endtime="20230630 01:32:14.066"/>
</kw>
<kw name="Click Link" library="SeleniumLibrary">
<arg>xpath=//*[@id="SignIn"]</arg>
<doc>Clicks a link identified by ``locator``.</doc>
<msg timestamp="20230630 01:32:14.066" level="INFO">Clicking link 'xpath=//*[@id="SignIn"]'.</msg>
<status status="PASS" starttime="20230630 01:32:14.066" endtime="20230630 01:32:14.877"/>
</kw>
<kw name="Log" library="BuiltIn">
<arg>Trying to connect with an account</arg>
<doc>Logs the given message with the given level.</doc>
<msg timestamp="20230630 01:32:14.877" level="INFO">Trying to connect with an account</msg>
<status status="PASS" starttime="20230630 01:32:14.877" endtime="20230630 01:32:14.877"/>
</kw>
<kw name="Page Should Contain Button" library="SeleniumLibrary">
<arg>id=submit-id</arg>
<doc>Verifies button ``locator`` is found from current page.</doc>
<msg timestamp="20230630 01:32:15.901" level="INFO">Current page contains button 'id=submit-id'.</msg>
<status status="PASS" starttime="20230630 01:32:14.877" endtime="20230630 01:32:15.902"/>
</kw>
<kw name="Log" library="BuiltIn">
<arg>Input the login</arg>
<doc>Logs the given message with the given level.</doc>
<msg timestamp="20230630 01:32:15.903" level="INFO">Input the login</msg>
<status status="PASS" starttime="20230630 01:32:15.902" endtime="20230630 01:32:15.903"/>
</kw>
<kw name="Input Text" library="SeleniumLibrary">
<arg>id=email-id</arg>
<arg>admin@a</arg>
<doc>Types the given ``text`` into the text field identified by ``locator``.</doc>
<msg timestamp="20230630 01:32:15.906" level="INFO">Typing text 'admin@a' into text field 'id=email-id'.</msg>
<status status="PASS" starttime="20230630 01:32:15.904" endtime="20230630 01:32:16.581"/>
</kw>
<kw name="Log" library="BuiltIn">
<arg>Input the password</arg>
<doc>Logs the given message with the given level.</doc>
<msg timestamp="20230630 01:32:16.582" level="INFO">Input the password</msg>
<status status="PASS" starttime="20230630 01:32:16.582" endtime="20230630 01:32:16.582"/>
</kw>
<kw name="Input Password" library="SeleniumLibrary">
<arg>id=password</arg>
<arg>admin123</arg>
<doc>Types the given password into the text field identified by ``locator``.</doc>
<msg timestamp="20230630 01:32:16.584" level="INFO">Typing password into text field 'id=password'.</msg>
<msg timestamp="20230630 01:32:17.010" level="INFO">Temporally setting log level to: NONE</msg>
<msg timestamp="20230630 01:32:17.245" level="INFO">Log level changed from NONE to INFO.</msg>
<status status="PASS" starttime="20230630 01:32:16.582" endtime="20230630 01:32:17.245"/>
</kw>
<kw name="Log" library="BuiltIn">
<arg>Try to connect</arg>
<doc>Logs the given message with the given level.</doc>
<msg timestamp="20230630 01:32:17.246" level="INFO">Try to connect</msg>
<status status="PASS" starttime="20230630 01:32:17.245" endtime="20230630 01:32:17.246"/>
</kw>
<kw name="Click Button" library="SeleniumLibrary">
<arg>id=submit-id</arg>
<doc>Clicks the button identified by ``locator``.</doc>
<msg timestamp="20230630 01:32:17.246" level="INFO">Clicking button 'id=submit-id'.</msg>
<status status="PASS" starttime="20230630 01:32:17.246" endtime="20230630 01:32:18.817"/>
</kw>
<kw name="Page Should Contain Link" library="SeleniumLibrary">
<arg>id=new-customer</arg>
<doc>Verifies link identified by ``locator`` is found from current page.</doc>
<msg timestamp="20230630 01:32:19.241" level="INFO">Current page contains link 'id=new-customer'.</msg>
<status status="PASS" starttime="20230630 01:32:18.818" endtime="20230630 01:32:19.242"/>
</kw>
<kw name="Log" library="BuiltIn">
<arg>Add a new customer</arg>
<doc>Logs the given message with the given level.</doc>
<msg timestamp="20230630 01:32:19.244" level="INFO">Add a new customer</msg>
<status status="PASS" starttime="20230630 01:32:19.243" endtime="20230630 01:32:19.244"/>
</kw>
<kw name="Click Link" library="SeleniumLibrary">
<arg>id=new-customer</arg>
<doc>Clicks a link identified by ``locator``.</doc>
<msg timestamp="20230630 01:32:19.244" level="INFO">Clicking link 'id=new-customer'.</msg>
<status status="PASS" starttime="20230630 01:32:19.244" endtime="20230630 01:32:20.212"/>
</kw>
<kw name="Log" library="BuiltIn">
<arg>Input some data file</arg>
<doc>Logs the given message with the given level.</doc>
<msg timestamp="20230630 01:32:20.213" level="INFO">Input some data file</msg>
<status status="PASS" starttime="20230630 01:32:20.213" endtime="20230630 01:32:20.214"/>
</kw>
<kw name="Input Text" library="SeleniumLibrary">
<arg>id=FirstName</arg>
<arg>John</arg>
<doc>Types the given ``text`` into the text field identified by ``locator``.</doc>
<msg timestamp="20230630 01:32:20.215" level="INFO">Typing text 'John' into text field 'id=FirstName'.</msg>
<status status="PASS" starttime="20230630 01:32:20.214" endtime="20230630 01:32:20.866"/>
</kw>
<kw name="Input Text" library="SeleniumLibrary">
<arg>id=LastName</arg>
<arg>Doe</arg>
<doc>Types the given ``text`` into the text field identified by ``locator``.</doc>
<msg timestamp="20230630 01:32:20.869" level="INFO">Typing text 'Doe' into text field 'id=LastName'.</msg>
<status status="PASS" starttime="20230630 01:32:20.867" endtime="20230630 01:32:21.526"/>
</kw>
<kw name="Input Text" library="SeleniumLibrary">
<arg>id=City</arg>
<arg>New York</arg>
<doc>Types the given ``text`` into the text field identified by ``locator``.</doc>
<msg timestamp="20230630 01:32:21.528" level="INFO">Typing text 'New York' into text field 'id=City'.</msg>
<status status="PASS" starttime="20230630 01:32:21.527" endtime="20230630 01:32:22.194"/>
</kw>
<kw name="Input Text" library="SeleniumLibrary">
<arg>id=EmailAddress</arg>
<arg>something@gmail.com</arg>
<doc>Types the given ``text`` into the text field identified by ``locator``.</doc>
<msg timestamp="20230630 01:32:22.195" level="INFO">Typing text 'something@gmail.com' into text field 'id=EmailAddress'.</msg>
<status status="PASS" starttime="20230630 01:32:22.195" endtime="20230630 01:32:22.864"/>
</kw>
<kw name="Click Element" library="SeleniumLibrary">
<arg>id=StateOrRegion</arg>
<doc>Click the element identified by ``locator``.</doc>
<msg timestamp="20230630 01:32:22.866" level="INFO">Clicking element 'id=StateOrRegion'.</msg>
<status status="PASS" starttime="20230630 01:32:22.865" endtime="20230630 01:32:23.308"/>
</kw>
<kw name="Select From List By Value" library="SeleniumLibrary">
<arg>id=StateOrRegion</arg>
<arg>AK</arg>
<doc>Selects options from selection list ``locator`` by ``values``.</doc>
<msg timestamp="20230630 01:32:23.309" level="INFO">Selecting options from selection list 'id=StateOrRegion' by value AK.</msg>
<status status="PASS" starttime="20230630 01:32:23.308" endtime="20230630 01:32:24.972"/>
</kw>
<kw name="Log" library="BuiltIn">
<arg>Select the male gender</arg>
<doc>Logs the given message with the given level.</doc>
<msg timestamp="20230630 01:32:24.972" level="INFO">Select the male gender</msg>
<status status="PASS" starttime="20230630 01:32:24.972" endtime="20230630 01:32:24.972"/>
</kw>
<kw name="Select Radio Button" library="SeleniumLibrary">
<arg>gender</arg>
<arg>male</arg>
<doc>Sets the radio button group ``group_name`` to ``value``.</doc>
<msg timestamp="20230630 01:32:24.972" level="INFO">Selecting 'male' from radio button 'gender'.</msg>
<status status="PASS" starttime="20230630 01:32:24.972" endtime="20230630 01:32:25.609"/>
</kw>
<kw name="Log" library="BuiltIn">
<arg>Select the `Add to promotional list` checkbox</arg>
<doc>Logs the given message with the given level.</doc>
<msg timestamp="20230630 01:32:25.609" level="INFO">Select the `Add to promotional list` checkbox</msg>
<status status="PASS" starttime="20230630 01:32:25.609" endtime="20230630 01:32:25.609"/>
</kw>
<kw name="Select Checkbox" library="SeleniumLibrary">
<arg>xpath=//*[@id="loginform"]/div/div/div/div/form/div[7]/input</arg>
<doc>Selects the checkbox identified by ``locator``.</doc>
<msg timestamp="20230630 01:32:25.610" level="INFO">Selecting checkbox 'xpath=//*[@id="loginform"]/div/div/div/div/form/div[7]/input'.</msg>
<status status="PASS" starttime="20230630 01:32:25.609" endtime="20230630 01:32:26.649"/>
</kw>
<kw name="Log" library="BuiltIn">
<arg>Unselect the `Add to promotional list` checkbox</arg>
<doc>Logs the given message with the given level.</doc>
<msg timestamp="20230630 01:32:26.649" level="INFO">Unselect the `Add to promotional list` checkbox</msg>
<status status="PASS" starttime="20230630 01:32:26.649" endtime="20230630 01:32:26.649"/>
</kw>
<kw name="Sleep" library="BuiltIn">
<arg>1s</arg>
<doc>Pauses the test executed for the given time.</doc>
<msg timestamp="20230630 01:32:27.650" level="INFO">Slept 1 second</msg>
<status status="PASS" starttime="20230630 01:32:26.649" endtime="20230630 01:32:27.650"/>
</kw>
<kw name="Unselect Checkbox" library="SeleniumLibrary">
<arg>xpath=//*[@id="loginform"]/div/div/div/div/form/div[7]/input</arg>
<doc>Removes the selection of checkbox identified by ``locator``.</doc>
<msg timestamp="20230630 01:32:27.653" level="INFO">Unselecting checkbox 'xpath=//*[@id="loginform"]/div/div/div/div/form/div[7]/input'.</msg>
<status status="PASS" starttime="20230630 01:32:27.651" endtime="20230630 01:32:28.714"/>
</kw>
<kw name="Log" library="BuiltIn">
<arg>Select submit button</arg>
<doc>Logs the given message with the given level.</doc>
<msg timestamp="20230630 01:32:28.714" level="INFO">Select submit button</msg>
<status status="PASS" starttime="20230630 01:32:28.714" endtime="20230630 01:32:28.714"/>
</kw>
<kw name="Sleep" library="BuiltIn">
<arg>3s</arg>
<doc>Pauses the test executed for the given time.</doc>
<msg timestamp="20230630 01:32:31.714" level="INFO">Slept 3 seconds</msg>
<status status="PASS" starttime="20230630 01:32:28.714" endtime="20230630 01:32:31.715"/>
</kw>
<kw name="Click Button" library="SeleniumLibrary">
<arg>Submit</arg>
<doc>Clicks the button identified by ``locator``.</doc>
<msg timestamp="20230630 01:32:31.717" level="INFO">Clicking button 'Submit'.</msg>
<status status="PASS" starttime="20230630 01:32:31.716" endtime="20230630 01:32:32.815"/>
</kw>
<kw name="Page Should Contain Element" library="SeleniumLibrary">
<arg>id=Success</arg>
<doc>Verifies that element ``locator`` is found on the current page.</doc>
<msg timestamp="20230630 01:32:33.031" level="INFO">Current page contains element 'id=Success'.</msg>
<status status="PASS" starttime="20230630 01:32:32.816" endtime="20230630 01:32:33.032"/>
</kw>
<doc>Should be able to add new customer</doc>
<tag>1006</tag>
<tag>Contacts</tag>
<tag>Smoke</tag>
<status status="PASS" starttime="20230630 01:32:09.500" endtime="20230630 01:32:33.032"/>
</test>
<doc>This is a test suite with a single test for opening a page in browser and closing it.</doc>
<status status="PASS" starttime="20230630 01:32:09.387" endtime="20230630 01:32:33.035"/>
</suite>
<statistics>
<total>
<stat pass="1" fail="0" skip="0">All Tests</stat>
</total>
<tag>
<stat pass="1" fail="0" skip="0">1006</stat>
<stat pass="1" fail="0" skip="0">Contacts</stat>
<stat pass="1" fail="0" skip="0">Smoke</stat>
</tag>
<suite>
<stat pass="1" fail="0" skip="0" id="s1" name="Crm">Crm</stat>
</suite>
</statistics>
<errors>
</errors>
</robot>
